<?xml version="1.0" encoding="UTF-8"?>
<!-- Generated by org.testng.reporters.JUnitReportReporter -->
<testsuite skipped="0" hostname="tamis-mbp-2.lan" name="automation.HomePageTest" tests="3" failures="0" timestamp="2020-01-06T17:38:42 AEDT" time="27.940" errors="0">
  <testcase name="generalLights" time="16.225" classname="automation.HomePageTest"/>
  <testcase name="homeEntertainment" time="8.423" classname="automation.HomePageTest"/>
  <testcase name="shop" time="3.292" classname="automation.HomePageTest"/>
</testsuite> <!-- automation.HomePageTest -->
